<?xml version="1.0" encoding="UTF-8"?>
<!-- Generated by org.testng.reporters.JUnitXMLReporter -->
<testsuite ignored="2" hostname="DESKTOP-MO21HNP" failures="0" tests="1" name="Test(failed)(failed)" time="0.075" errors="0" timestamp="2022-12-19T10:13:49 PST">
  <testcase classname="TestNG.example8_Sample4" name="TC6" time="0.008"/>
  <testcase classname="TestNG.example8_Sample4" name="TC5" time="0.0">
    <ignored/>
  </testcase> <!-- TC5 -->
  <testcase classname="TestNG.example8_Sample4" name="TC4" time="0.0">
    <ignored/>
  </testcase> <!-- TC4 -->
</testsuite> <!-- Test(failed)(failed) -->
