<?xml version="1.0" encoding="UTF-8"?>
<!-- Generated by org.testng.reporters.JUnitXMLReporter -->
<testsuite ignored="0" hostname="DESKTOP-MO21HNP" failures="0" tests="6" name="Test" time="0.111" errors="0" timestamp="2022-12-29T15:46:25 PST">
  <testcase classname="MockTestNG.Parallel_Sample1" name="TC1" time="0.015"/>
  <testcase classname="MockTestNG.Parallel_Sample2" name="TC4" time="0.015"/>
  <testcase classname="MockTestNG.Parallel_Sample2" name="TC5" time="0.002"/>
  <testcase classname="MockTestNG.Parallel_Sample1" name="TC2" time="0.003"/>
  <testcase classname="MockTestNG.Parallel_Sample1" name="TC3" time="0.003"/>
  <testcase classname="MockTestNG.Parallel_Sample2" name="TC6" time="0.013"/>
</testsuite> <!-- Test -->
