<?xml version="1.0" encoding="UTF-8"?>
<!-- Generated by org.testng.reporters.JUnitXMLReporter -->
<testsuite ignored="0" hostname="DESKTOP-MO21HNP" failures="1" tests="1" name="Test1_Edge" time="0.122" errors="0" timestamp="2022-12-21T18:09:51 PST">
  <testcase classname="TestNG.example11_MultiBrowserTesting1" name="OpenApp" time="0.06">
    <failure type="java.lang.IllegalStateException" message="The driver executable must exist: C:\Users\DELL\eclipse-workspace\selenium">
      <![CDATA[java.lang.IllegalStateException: The driver executable must exist: C:\Users\DELL\eclipse-workspace\selenium
at org.openqa.selenium.internal.Require$FileStateChecker.isFile(Require.java:345)
at org.openqa.selenium.remote.service.DriverService.checkExecutable(DriverService.java:160)
at org.openqa.selenium.remote.service.DriverService.findExecutable(DriverService.java:155)
at org.openqa.selenium.edge.EdgeDriverService.access$000(EdgeDriverService.java:40)
at org.openqa.selenium.edge.EdgeDriverService$Builder.findDefaultExecutable(EdgeDriverService.java:190)
at org.openqa.selenium.remote.service.DriverService$Builder.build(DriverService.java:455)
at org.openqa.selenium.edge.EdgeDriver.<init>(EdgeDriver.java:46)
at org.openqa.selenium.edge.EdgeDriver.<init>(EdgeDriver.java:42)
at TestNG.example11_MultiBrowserTesting1.OpenApp(example11_MultiBrowserTesting1.java:28)
at java.base/java.util.ArrayList.forEach(ArrayList.java:1511)
at java.base/java.util.concurrent.FutureTask.run(FutureTask.java:264)
at java.base/java.util.concurrent.ThreadPoolExecutor.runWorker(ThreadPoolExecutor.java:1130)
at java.base/java.util.concurrent.ThreadPoolExecutor$Worker.run(ThreadPoolExecutor.java:630)
at java.base/java.lang.Thread.run(Thread.java:831)
... Removed 18 stack frames]]>
    </failure>
  </testcase> <!-- OpenApp -->
</testsuite> <!-- Test1_Edge -->
