<?xml version="1.0" encoding="UTF-8"?>
<!-- Generated by org.testng.reporters.JUnitXMLReporter -->
<testsuite ignored="0" hostname="DESKTOP-MO21HNP" failures="0" tests="3" name="Test2" time="0.117" errors="0" timestamp="2022-12-29T15:44:19 PST">
  <testcase classname="MockTestNG.Parallel_Sample2" name="TC4" time="0.013"/>
  <testcase classname="MockTestNG.Parallel_Sample2" name="TC5" time="0.005"/>
  <testcase classname="MockTestNG.Parallel_Sample2" name="TC6" time="0.005"/>
</testsuite> <!-- Test2 -->
