<?xml version="1.0" encoding="UTF-8"?>
<testng-results ignored="0" total="2" passed="2" failed="0" skipped="0">
  <reporter-output>
  </reporter-output>
  <suite started-at="2023-01-29T14:32:52 PST" name="MultibrowserTesting" finished-at="2023-01-29T14:33:22 PST" duration-ms="29908">
    <groups>
    </groups>
    <test started-at="2023-01-29T14:32:52 PST" name="Test1chrome" finished-at="2023-01-29T14:33:17 PST" duration-ms="25093">
      <class name="WebElement.Multi_Browser_Testing">
        <test-method signature="Open_Browser(java.lang.String)[pri:0, instance:WebElement.Multi_Browser_Testing@a3d8174]" started-at="2023-01-29T14:32:52 PST" name="Open_Browser" finished-at="2023-01-29T14:33:17 PST" duration-ms="25031" status="PASS">
          <params>
            <param index="0">
              <value>
                <![CDATA[Chrome]]>
              </value>
            </param>
          </params>
          <reporter-output>
          </reporter-output>
        </test-method> <!-- Open_Browser -->
      </class> <!-- WebElement.Multi_Browser_Testing -->
    </test> <!-- Test1chrome -->
    <test started-at="2023-01-29T14:32:52 PST" name="Test2firefox" finished-at="2023-01-29T14:33:22 PST" duration-ms="29905">
      <class name="WebElement.Multi_Browser_Testing">
        <test-method signature="Open_Browser(java.lang.String)[pri:0, instance:WebElement.Multi_Browser_Testing@73e22a3d]" started-at="2023-01-29T14:32:52 PST" name="Open_Browser" finished-at="2023-01-29T14:33:22 PST" duration-ms="29849" status="PASS">
          <params>
            <param index="0">
              <value>
                <![CDATA[firefox]]>
              </value>
            </param>
          </params>
          <reporter-output>
          </reporter-output>
        </test-method> <!-- Open_Browser -->
      </class> <!-- WebElement.Multi_Browser_Testing -->
    </test> <!-- Test2firefox -->
  </suite> <!-- MultibrowserTesting -->
</testng-results>
